<?xml version="1.0" encoding="UTF-8"?>
<testsuite xmlns:xsi="http://www.w3.org/2001/XMLSchema-instance" xsi:noNamespaceSchemaLocation="https://maven.apache.org/surefire/maven-surefire-plugin/xsd/surefire-test-report.xsd" name="cn.com.bsfit.AppTest" time="0.065" tests="1" errors="0" skipped="0" failures="0">
  <properties>
    <property name="sun.desktop" value="windows"/>
    <property name="awt.toolkit" value="sun.awt.windows.WToolkit"/>
    <property name="file.encoding.pkg" value="sun.io"/>
    <property name="java.specification.version" value="1.8"/>
    <property name="sun.cpu.isalist" value="amd64"/>
    <property name="sun.jnu.encoding" value="GBK"/>
    <property name="java.class.path" value="F:\workspace-idea-gper\learn\learn-rpc-order-service\order-api\target\test-classes;F:\workspace-idea-gper\learn\learn-rpc-order-service\order-api\target\classes;F:\repository\junit\junit\4.11\junit-4.11.jar;F:\repository\org\hamcrest\hamcrest-core\1.3\hamcrest-core-1.3.jar;"/>
    <property name="java.vm.vendor" value="Oracle Corporation"/>
    <property name="sun.arch.data.model" value="64"/>
    <property name="user.variant" value=""/>
    <property name="java.vendor.url" value="http://java.oracle.com/"/>
    <property name="user.timezone" value="Asia/Shanghai"/>
    <property name="java.vm.specification.version" value="1.8"/>
    <property name="os.name" value="Windows 10"/>
    <property name="user.country" value="CN"/>
    <property name="sun.java.launcher" value="SUN_STANDARD"/>
    <property name="sun.boot.library.path" value="E:\Java\jdk1.8_64\jre\bin"/>
    <property name="sun.java.command" value="C:\Users\Administrator\AppData\Local\Temp\surefire6227132908021510515\surefirebooter6821505350120047313.jar C:\Users\Administrator\AppData\Local\Temp\surefire6227132908021510515 2020-06-30T22-01-30_184-jvmRun1 surefire8918959064152089153tmp surefire_02703887708135119820tmp"/>
    <property name="surefire.test.class.path" value="F:\workspace-idea-gper\learn\learn-rpc-order-service\order-api\target\test-classes;F:\workspace-idea-gper\learn\learn-rpc-order-service\order-api\target\classes;F:\repository\junit\junit\4.11\junit-4.11.jar;F:\repository\org\hamcrest\hamcrest-core\1.3\hamcrest-core-1.3.jar;"/>
    <property name="sun.cpu.endian" value="little"/>
    <property name="user.home" value="C:\Users\Administrator"/>
    <property name="user.language" value="zh"/>
    <property name="java.specification.vendor" value="Oracle Corporation"/>
    <property name="java.home" value="E:\Java\jdk1.8_64\jre"/>
    <property name="basedir" value="F:\workspace-idea-gper\learn\learn-rpc-order-service\order-api"/>
    <property name="file.separator" value="\"/>
    <property name="line.separator" value="&#10;"/>
    <property name="idea.version2019.2.4" value="true"/>
    <property name="java.vm.specification.vendor" value="Oracle Corporation"/>
    <property name="java.specification.name" value="Java Platform API Specification"/>
    <property name="java.awt.graphicsenv" value="sun.awt.Win32GraphicsEnvironment"/>
    <property name="surefire.real.class.path" value="C:\Users\Administrator\AppData\Local\Temp\surefire6227132908021510515\surefirebooter6821505350120047313.jar"/>
    <property name="sun.boot.class.path" value="E:\Java\jdk1.8_64\jre\lib\resources.jar;E:\Java\jdk1.8_64\jre\lib\rt.jar;E:\Java\jdk1.8_64\jre\lib\sunrsasign.jar;E:\Java\jdk1.8_64\jre\lib\jsse.jar;E:\Java\jdk1.8_64\jre\lib\jce.jar;E:\Java\jdk1.8_64\jre\lib\charsets.jar;E:\Java\jdk1.8_64\jre\lib\jfr.jar;E:\Java\jdk1.8_64\jre\classes"/>
    <property name="user.script" value=""/>
    <property name="sun.management.compiler" value="HotSpot 64-Bit Tiered Compilers"/>
    <property name="java.runtime.version" value="1.8.0_131-b11"/>
    <property name="user.name" value="Administrator"/>
    <property name="path.separator" value=";"/>
    <property name="os.version" value="10.0"/>
    <property name="java.endorsed.dirs" value="E:\Java\jdk1.8_64\jre\lib\endorsed"/>
    <property name="java.runtime.name" value="Java(TM) SE Runtime Environment"/>
    <property name="file.encoding" value="GBK"/>
    <property name="java.vm.name" value="Java HotSpot(TM) 64-Bit Server VM"/>
    <property name="localRepository" value="F:\repository"/>
    <property name="java.vendor.url.bug" value="http://bugreport.sun.com/bugreport/"/>
    <property name="java.io.tmpdir" value="C:\Users\Administrator\AppData\Local\Temp\"/>
    <property name="java.version" value="1.8.0_131"/>
    <property name="user.dir" value="F:\workspace-idea-gper\learn\learn-rpc-order-service\order-api"/>
    <property name="os.arch" value="amd64"/>
    <property name="java.vm.specification.name" value="Java Virtual Machine Specification"/>
    <property name="java.awt.printerjob" value="sun.awt.windows.WPrinterJob"/>
    <property name="sun.os.patch.level" value=""/>
    <property name="java.library.path" value="E:\Java\jdk1.8_64\jre\bin;C:\windows\Sun\Java\bin;C:\windows\system32;C:\windows;C:\Program Files (x86)\Common Files\Oracle\Java\javapath111;E:\app\product\11.2.0\dbhome_1\bin;C:\windows\system32;C:\windows;C:\windows\System32\Wbem;C:\windows\System32\WindowsPowerShell\v1.0\;C:\Program Files\Intel\WiFi\bin\;C:\Program Files\Common Files\Intel\WirelessCommon\;E:\Java\jdk1.8_64\bin;E:\Java\jdk1.8_64\jra\bin;D:\Oracle\mysql-5.6.17-winx64\bin;E:\Java\apache-maven-3.5.0\bin;D:\tools\TortoiseSVN\bin;E:\Python;C:\Program Files\IDM Computer Solutions\UltraCompare;D:\tools\UltraEdit;C:\instantclient_12_2;D:\tools\Git\cmd;D:\tools\TortoiseGit\bin;D:\Firefox;D:\tools\nodejs\;D:\tools\nodejs\node_global;E:\Java\Tomcat\tomcat-8.5.8\bin;C:\Users\Administrator\AppData\Local\Microsoft\WindowsApps;C:\Program Files\Intel\WiFi\bin\;C:\Program Files\Common Files\Intel\WirelessCommon\;C:\Users\Administrator\AppData\Local\Programs\Fiddler;E:\Java\gradle-5.4.1\bin;C:\Users\Administrator\AppData\Local\GitHubDesktop\bin;C:\Users\Administrator\AppData\Local\BypassRuntm;D:\tools\Microsoft VS Code\bin;C:\Users\Administrator\AppData\Roaming\npm;D:\Fiddler;."/>
    <property name="java.vm.info" value="mixed mode"/>
    <property name="java.vendor" value="Oracle Corporation"/>
    <property name="java.vm.version" value="25.131-b11"/>
    <property name="java.ext.dirs" value="E:\Java\jdk1.8_64\jre\lib\ext;C:\windows\Sun\Java\lib\ext"/>
    <property name="sun.io.unicode.encoding" value="UnicodeLittle"/>
    <property name="java.class.version" value="52.0"/>
  </properties>
  <testcase name="shouldAnswerWithTrue" classname="cn.com.bsfit.AppTest" time="0.002"/>
</testsuite>